#
# A fatal error has been detected by the Java Runtime Environment:
#
#  Internal Error (classFileParser.cpp:3494), pid=8844, tid=700
#  Error: ShouldNotReachHere()
#
# JRE version: 6.0_41-b02
# Java VM: Java HotSpot(TM) 64-Bit Server VM (20.14-b01 mixed mode windows-amd64 compressed oops)
# If you would like to submit a bug report, please visit:
#   http://java.sun.com/webapps/bugreport/crash.jsp
#

---------------  T H R E A D  ---------------

Current thread (0x000000000031c000):  JavaThread "Unknown thread" [_thread_in_vm, id=700, stack(0x0000000002420000,0x0000000002520000)]

Stack: [0x0000000002420000,0x0000000002520000]
[error occurred during error reporting (printing stack bounds), id 0xc0000005]


---------------  P R O C E S S  ---------------

Java Threads: ( => current thread )

Other Threads:

=>0x000000000031c000 (exited) JavaThread "Unknown thread" [_thread_in_vm, id=700, stack(0x0000000002420000,0x0000000002520000)]

VM state:not at safepoint (not fully initialized)

VM Mutex/Monitor currently owned by a thread: None

Dynamic libraries:
0x0000000000400000 - 0x000000000042f000 	D:\Program Files\Java\jre6\bin\javaw.exe
0x0000000077990000 - 0x0000000077b3b000 	C:\windows\SYSTEM32\ntdll.dll
0x0000000077770000 - 0x000000007788f000 	C:\windows\system32\kernel32.dll
0x000007fefd9e0000 - 0x000007fefda4b000 	C:\windows\system32\KERNELBASE.dll
0x000007fefdd10000 - 0x000007fefddeb000 	C:\windows\system32\ADVAPI32.dll
0x000007fefe1b0000 - 0x000007fefe24f000 	C:\windows\system32\msvcrt.dll
0x000007fefe700000 - 0x000007fefe71f000 	C:\windows\SYSTEM32\sechost.dll
0x000007fefe7f0000 - 0x000007fefe91e000 	C:\windows\system32\RPCRT4.dll
0x0000000077890000 - 0x000000007798a000 	C:\windows\system32\USER32.dll
0x000007feffa20000 - 0x000007feffa87000 	C:\windows\system32\GDI32.dll
0x000007fefe600000 - 0x000007fefe60e000 	C:\windows\system32\LPK.dll
0x000007fefddf0000 - 0x000007fefdeba000 	C:\windows\system32\USP10.dll
0x000007fefe7c0000 - 0x000007fefe7ee000 	C:\windows\system32\IMM32.DLL
0x000007feff910000 - 0x000007feffa19000 	C:\windows\system32\MSCTF.dll
0x000007fefd8c0000 - 0x000007fefd8ef000 	C:\windows\system32\nvinitx.dll
0x000000000f000000 - 0x000000000f006000 	C:\Program Files\NVIDIA Corporation\CoProcManager\detoured.dll
0x000007fefb760000 - 0x000007fefb793000 	C:\Program Files\NVIDIA Corporation\CoProcManager\nvd3d9wrapx.dll
0x000007fefe250000 - 0x000007fefe427000 	C:\windows\system32\SETUPAPI.dll
0x000007fefd9a0000 - 0x000007fefd9d6000 	C:\windows\system32\CFGMGR32.dll
0x000007fefe620000 - 0x000007fefe6f7000 	C:\windows\system32\OLEAUT32.dll
0x000007feffa90000 - 0x000007feffc92000 	C:\windows\system32\ole32.dll
0x000007fefda50000 - 0x000007fefda6a000 	C:\windows\system32\DEVOBJ.dll
0x000007fefb730000 - 0x000007fefb753000 	C:\Program Files\NVIDIA Corporation\CoProcManager\nvdxgiwrapx.dll
0x000000006d810000 - 0x000000006dfcc000 	D:\Program Files\Java\jre6\bin\server\jvm.dll
0x000007fefa1a0000 - 0x000007fefa1db000 	C:\windows\system32\WINMM.dll
0x000000006d780000 - 0x000000006d78e000 	D:\Program Files\Java\jre6\bin\verify.dll
0x000000006d3b0000 - 0x000000006d3d7000 	D:\Program Files\Java\jre6\bin\java.dll
0x000000006d7d0000 - 0x000000006d7e2000 	D:\Program Files\Java\jre6\bin\zip.dll
0x0000000077b60000 - 0x0000000077b67000 	C:\windows\system32\PSAPI.DLL

VM Arguments:
jvm_args: -Dfile.encoding=UTF-8 -Xbootclasspath:D:\android\android-sdk-windows\platforms\android-18\android.jar 
java_command: com.doubook.util.CopyOfGetInfoOne
Launcher Type: SUN_STANDARD

Environment Variables:
JAVA_HOME=D:\Program Files\Java\jdk1.6.0_41
CLASSPATH=.;D:\Program Files\Java\jdk1.6.0_41\lib\dt.jar;D:\Program Files\Java\jdk1.6.0_41\lib\tools.jar;
PATH=C:\Program Files (x86)\NVIDIA Corporation\PhysX\Common;C:\windows\system32;C:\windows;C:\windows\System32\Wbem;C:\windows\System32\WindowsPowerShell\v1.0\;C:\Program Files (x86)\Common Files\Thunder Network\KanKan\Codecs;C:\Program Files (x86)\Intel\OpenCL SDK\2.0\bin\x86;C:\Program Files (x86)\Intel\OpenCL SDK\2.0\bin\x64;D:\Program Files\TortoiseSVN\bin;D:\Program Files\Java\jdk1.6.0_41\bin;D:\Program Files\Java\jdk1.6.0_41\jre\bin;D:\Program Files\apache-tomcat-7.0.54\lib;D:\Program Files\apache-tomcat-7.0.54\bin;
USERNAME=Administrator
OS=Windows_NT
PROCESSOR_IDENTIFIER=Intel64 Family 6 Model 58 Stepping 9, GenuineIntel



---------------  S Y S T E M  ---------------

OS: Windows 7 , 64 bit Build 7600 

CPU:total 4 (2 cores per cpu, 2 threads per core) family 6 model 58 stepping 9, cmov, cx8, fxsr, mmx, sse, sse2, sse3, ssse3, sse4.1, sse4.2, popcnt, ht

Memory: 4k page, physical 4028780k(1342460k free), swap 8055664k(4688424k free)

vm_info: Java HotSpot(TM) 64-Bit Server VM (20.14-b01) for windows-amd64 JRE (1.6.0_41-b02), built on Feb  8 2013 01:00:58 by "java_re" with MS VC++ 8.0 (VS2005)

time: Tue Aug 12 17:23:13 2014
elapsed time: 0 seconds

