#
# A fatal error has been detected by the Java Runtime Environment:
#
#  Internal Error (javaClasses.cpp:136), pid=4704, tid=6552
#  fatal error: Invalid layout of preloaded class
#
# JRE version:  (7.0_51-b13) (build )
# Java VM: Java HotSpot(TM) 64-Bit Server VM (24.51-b03 mixed mode windows-amd64 compressed oops)
# Failed to write core dump. Minidumps are not enabled by default on client versions of Windows
#
# If you would like to submit a bug report, please visit:
#   http://bugreport.sun.com/bugreport/crash.jsp
#

---------------  T H R E A D  ---------------

Current thread (0x000000000237f000):  JavaThread "Unknown thread" [_thread_in_vm, id=6552, stack(0x0000000002490000,0x0000000002590000)]

Stack: [0x0000000002490000,0x0000000002590000]

---------------  P R O C E S S  ---------------

Java Threads: ( => current thread )

Other Threads:

=>0x000000000237f000 (exited) JavaThread "Unknown thread" [_thread_in_vm, id=6552, stack(0x0000000002490000,0x0000000002590000)]

VM state:not at safepoint (not fully initialized)

VM Mutex/Monitor currently owned by a thread: None

GC Heap History (0 events):
No events

Deoptimization events (0 events):
No events

Internal exceptions (0 events):
No events

Events (10 events):
Event: 0.014 loading class 0x00000000023fcc80 done
Event: 0.014 loading class 0x00000000023fc6a0 done
Event: 0.014 loading class 0x00000000023fc680
Event: 0.014 loading class 0x0000000002404780
Event: 0.014 loading class 0x0000000002404780 done
Event: 0.014 loading class 0x00000000024047b0
Event: 0.014 loading class 0x00000000024047b0 done
Event: 0.014 loading class 0x00000000024047e0
Event: 0.014 loading class 0x00000000024047e0 done
Event: 0.014 loading class 0x00000000023fc680 done


Dynamic libraries:
0x000000013f2b0000 - 0x000000013f2e3000 	D:\Program Files\Java\jdk1.7.0_51\bin\javaw.exe
0x0000000076dc0000 - 0x0000000076f69000 	C:\windows\SYSTEM32\ntdll.dll
0x0000000076ca0000 - 0x0000000076dbf000 	C:\windows\system32\kernel32.dll
0x000007fefcf40000 - 0x000007fefcfac000 	C:\windows\system32\KERNELBASE.dll
0x000007fefe650000 - 0x000007fefe72b000 	C:\windows\system32\ADVAPI32.dll
0x000007fefe510000 - 0x000007fefe5af000 	C:\windows\system32\msvcrt.dll
0x000007feff060000 - 0x000007feff07f000 	C:\windows\SYSTEM32\sechost.dll
0x000007fefe7b0000 - 0x000007fefe8dd000 	C:\windows\system32\RPCRT4.dll
0x0000000076ba0000 - 0x0000000076c9a000 	C:\windows\system32\USER32.dll
0x000007fefe490000 - 0x000007fefe4f7000 	C:\windows\system32\GDI32.dll
0x000007fefe500000 - 0x000007fefe50e000 	C:\windows\system32\LPK.dll
0x000007fefd030000 - 0x000007fefd0f9000 	C:\windows\system32\USP10.dll
0x000007fefb630000 - 0x000007fefb824000 	C:\windows\WinSxS\amd64_microsoft.windows.common-controls_6595b64144ccf1df_6.0.7601.17514_none_fa396087175ac9ac\COMCTL32.dll
0x000007fefcfb0000 - 0x000007fefd021000 	C:\windows\system32\SHLWAPI.dll
0x000007fefd100000 - 0x000007fefd12e000 	C:\windows\system32\IMM32.DLL
0x000007fefe0c0000 - 0x000007fefe1c9000 	C:\windows\system32\MSCTF.dll
0x0000000069e20000 - 0x0000000069ef2000 	D:\Program Files\Java\jdk1.7.0_51\jre\bin\msvcr100.dll
0x0000000061fa0000 - 0x0000000062769000 	D:\Program Files\Java\jdk1.7.0_51\jre\bin\server\jvm.dll
0x000007fef0830000 - 0x000007fef0839000 	C:\windows\system32\WSOCK32.dll
0x000007feff080000 - 0x000007feff0cd000 	C:\windows\system32\WS2_32.dll
0x000007fefe480000 - 0x000007fefe488000 	C:\windows\system32\NSI.dll
0x000007fef99c0000 - 0x000007fef99fb000 	C:\windows\system32\WINMM.dll
0x0000000076f80000 - 0x0000000076f87000 	C:\windows\system32\PSAPI.DLL
0x0000000073dd0000 - 0x0000000073ddf000 	D:\Program Files\Java\jdk1.7.0_51\jre\bin\verify.dll
0x0000000073ad0000 - 0x0000000073af8000 	D:\Program Files\Java\jdk1.7.0_51\jre\bin\java.dll
0x0000000073ab0000 - 0x0000000073ac5000 	D:\Program Files\Java\jdk1.7.0_51\jre\bin\zip.dll

VM Arguments:
jvm_args: -Dfile.encoding=UTF-8 -Xbootclasspath:D:\Program Files\adt-bundle-windows-x86-20130729\sdk\platforms\android-18\android.jar 
java_command: com.doubook.util.CopyOfGetInfoOne
Launcher Type: SUN_STANDARD

Environment Variables:
JAVA_HOME=D:\Program Files\Java\jdk1.7.0_51
CLASSPATH=.D:\Program Files\Java\jdk1.7.0_51\lib;D:\Program Files\Java\jdk1.7.0_51\lib\tools.jar
PATH=D:/Program Files/Java/jdk1.7.0_51/bin/../jre/bin/server;D:/Program Files/Java/jdk1.7.0_51/bin/../jre/bin;D:/Program Files/Java/jdk1.7.0_51/bin/../jre/lib/amd64;C:\Program Files (x86)\NVIDIA Corporation\PhysX\Common;D:\Program Files\Java\jdk1.7.0_51\bin;D:\Program Files\Java\jdk1.7.0_51\jre\bin;D:\Program Files\apache-tomcat-7.0.52\lib;D:\Program Files\apache-tomcat-7.0.52\bin;;C:\windows\system32;D:\Program Files\TortoiseSVN\bin;D:\Program Files\adt-bundle-windows-x86_64-20131030\eclipse;
USERNAME=Meyao
OS=Windows_NT
PROCESSOR_IDENTIFIER=Intel64 Family 6 Model 37 Stepping 2, GenuineIntel



---------------  S Y S T E M  ---------------

OS: Windows 7 , 64 bit Build 7601 Service Pack 1

CPU:total 4 (2 cores per cpu, 2 threads per core) family 6 model 37 stepping 2, cmov, cx8, fxsr, mmx, sse, sse2, sse3, ssse3, sse4.1, sse4.2, popcnt, ht, tsc, tscinvbit

Memory: 4k page, physical 5102492k(2698344k free), swap 10203120k(7341932k free)

vm_info: Java HotSpot(TM) 64-Bit Server VM (24.51-b03) for windows-amd64 JRE (1.7.0_51-b13), built on Dec 18 2013 18:40:56 by "java_re" with unknown MS VC++:1600

time: Sat Aug 09 10:30:36 2014
elapsed time: 0 seconds

